make all --print-data-base --no-builtin-variables --no-builtin-rules --question
make: *** No rule to make target 'all'.  Stop.

# GNU Make 4.3
# Built for x86_64-pc-linux-gnu
# Copyright (C) 1988-2020 Free Software Foundation, Inc.
# License GPLv3+: GNU GPL version 3 or later <http://gnu.org/licenses/gpl.html>
# This is free software: you are free to change and redistribute it.
# There is NO WARRANTY, to the extent permitted by law.

# Make data base, printed on Sat Aug 27 12:06:54 2022

# Variables

# environment
GDK_BACKEND = x11
# environment
LC_ALL = C
# environment
GJS_DEBUG_OUTPUT = stderr
# environment
MANDATORY_PATH = /usr/share/gconf/cinnamon.mandatory.path
# environment
LC_NAME = el_GR.UTF-8
# environment
LC_NUMERIC = el_GR.UTF-8
# environment
VSCODE_CWD = /home/inv
# environment
LC_ADDRESS = el_GR.UTF-8
# environment
GDM_LANG = en_US
# default
MAKE_COMMAND := make
# environment
GTK3_MODULES = xapp-gtk3-module
# environment
QT_ACCESSIBILITY = 1
# automatic
@D = $(patsubst %/,%,$(dir $@))
# environment
VSCODE_HANDLES_UNCAUGHT_ERRORS = true
# makefile (from 'Makefile', line 22)
INC_FLAGS := -I./src -Iext/volk -Iext/spirv_reflect/
# default
.VARIABLES := 
# environment
PWD = /home/inv/Desktop/engine
# automatic
%D = $(patsubst %/,%,$(dir $%))
# environment
XDG_DATA_DIRS = /usr/share/cinnamon:/usr/share/gnome:/home/inv/.local/share/flatpak/exports/share:/var/lib/flatpak/exports/share:/usr/local/share:/usr/share
# automatic
^D = $(patsubst %/,%,$(dir $^))
# automatic
%F = $(notdir $%)
# environment
VSCODE_CODE_CACHE_PATH = /home/inv/.config/Code/CachedData/e4503b30fc78200f846c62cf8091b76ff5547662
# environment
XDG_SESSION_PATH = /org/freedesktop/DisplayManager/Session0
# environment
LANG = C
# environment
XAUTHORITY = /home/inv/.Xauthority
# default
.LOADED := 
# default
.INCLUDE_DIRS = /usr/local/include /usr/include /usr/include
# makefile
MAKEFLAGS = pqrR
# makefile
CURDIR := /home/inv/Desktop/engine
# environment
APPLICATION_INSIGHTS_NO_DIAGNOSTIC_CHANNEL = true
# environment
LESSOPEN = | /usr/bin/lesspipe %s
# makefile (from 'Makefile', line 9)
SRCS := ./src/dentity.c ./src/dinput.c ./src/dgfx.c ./src/dmem.c ./src/dthread.c ./src/danim.c ./src/dwin.c ./src/dprofiler.c ./src/dcore.c ./src/dcamera.c ./src/dmaterial.c ./src/main.c ./src/dconfig.c ./src/dlog.c ./src/dmodel.c ext/volk/volk.c ext/spirv_reflect/spirv_reflect.c ext/imgui/imgui.cpp ext/imgui/imgui_demo.cpp ext/imgui/imgui_draw.cpp ext/imgui/imgui_widgets.cpp ext/imgui/imgui_tables.cpp ext/imgui/backends/imgui_impl_vulkan.cpp ext/imgui/backends/imgui_impl_glfw.cpp
# automatic
*D = $(patsubst %/,%,$(dir $*))
# environment
MFLAGS = -pqrR
# environment
SSH_AUTH_SOCK = /run/user/1000/keyring/ssh
# default
.SHELLFLAGS := -c
# environment
XDG_CONFIG_DIRS = /etc/xdg/xdg-cinnamon:/etc/xdg
# automatic
+D = $(patsubst %/,%,$(dir $+))
# environment
XDG_SESSION_DESKTOP = cinnamon
# makefile (from 'build/ext/imgui/backends/imgui_impl_glfw.cpp.d', line 1)
MAKEFILE_LIST := Makefile build/./src/dentity.c.d build/./src/dinput.c.d build/./src/dgfx.c.d build/./src/dmem.c.d build/./src/dthread.c.d build/./src/danim.c.d build/./src/dwin.c.d build/./src/dprofiler.c.d build/./src/dcore.c.d build/./src/dcamera.c.d build/./src/dmaterial.c.d build/./src/main.c.d build/./src/dconfig.c.d build/./src/dlog.c.d build/./src/dmodel.c.d build/ext/volk/volk.c.d build/ext/spirv_reflect/spirv_reflect.c.d build/ext/imgui/imgui.cpp.d build/ext/imgui/imgui_demo.cpp.d build/ext/imgui/imgui_draw.cpp.d build/ext/imgui/imgui_widgets.cpp.d build/ext/imgui/imgui_tables.cpp.d build/ext/imgui/backends/imgui_impl_vulkan.cpp.d build/ext/imgui/backends/imgui_impl_glfw.cpp.d
# automatic
@F = $(notdir $@)
# environment
VSCODE_PID = 3198
# environment
XDG_SESSION_TYPE = x11
# automatic
?D = $(patsubst %/,%,$(dir $?))
# environment
SESSION_MANAGER = local/inv-desktop:@/tmp/.ICE-unix/1379,unix/inv-desktop:/tmp/.ICE-unix/1379
# automatic
*F = $(notdir $*)
# environment
QT_QPA_PLATFORMTHEME = qt5ct
# environment
CHROME_DESKTOP = code-url-handler.desktop
# environment
DBUS_SESSION_BUS_ADDRESS = unix:path=/run/user/1000/bus
# automatic
<D = $(patsubst %/,%,$(dir $<))
# environment
VSCODE_NLS_CONFIG = {"locale":"en-us","availableLanguages":{},"_languagePackSupport":true}
# default
MAKE_HOST := x86_64-pc-linux-gnu
# makefile (from 'Makefile', line 13)
OBJS := ./build/./src/dentity.c.o ./build/./src/dinput.c.o ./build/./src/dgfx.c.o ./build/./src/dmem.c.o ./build/./src/dthread.c.o ./build/./src/danim.c.o ./build/./src/dwin.c.o ./build/./src/dprofiler.c.o ./build/./src/dcore.c.o ./build/./src/dcamera.c.o ./build/./src/dmaterial.c.o ./build/./src/main.c.o ./build/./src/dconfig.c.o ./build/./src/dlog.c.o ./build/./src/dmodel.c.o ./build/ext/volk/volk.c.o ./build/ext/spirv_reflect/spirv_reflect.c.o ./build/ext/imgui/imgui.cpp.o ./build/ext/imgui/imgui_demo.cpp.o ./build/ext/imgui/imgui_draw.cpp.o ./build/ext/imgui/imgui_widgets.cpp.o ./build/ext/imgui/imgui_tables.cpp.o ./build/ext/imgui/backends/imgui_impl_vulkan.cpp.o ./build/ext/imgui/backends/imgui_impl_glfw.cpp.o
# environment
GNOME_DESKTOP_SESSION_ID = this-is-deprecated
# makefile
SHELL = /bin/sh
# default
MAKECMDGOALS := all
# environment
GJS_DEBUG_TOPICS = JS ERROR;JS LOG
# environment
SHLVL = 0
# makefile (from 'Makefile', line 5)
SRC_DIRS := ./src ext/volk ext/spirv_reflect/ ext/imgui/imgui.cpp ext/imgui/imgui_demo.cpp ext/imgui/imgui_draw.cpp ext/imgui/imgui_widgets.cpp ext/imgui/imgui_tables.cpp ext/imgui/backends/imgui_impl_vulkan.cpp ext/imgui/backends/imgui_impl_glfw.cpp
# environment
MAKELEVEL := 0
# default
MAKE = $(MAKE_COMMAND)
# environment
PATH = /home/inv/.local/bin:/home/inv/.cargo/bin:/home/inv/.local/bin:/usr/local/sbin:/usr/local/bin:/usr/sbin:/usr/bin:/sbin:/bin:/usr/games:/usr/local/games:/snap/bin
# default
MAKEFILES := 
# environment
LANGUAGE = en_US
# environment
LC_MONETARY = el_GR.UTF-8
# automatic
^F = $(notdir $^)
# environment
CINNAMON_VERSION = 5.4.11
# environment
LC_TELEPHONE = el_GR.UTF-8
# environment
LESSCLOSE = /usr/bin/lesspipe %s %s
# automatic
?F = $(notdir $?)
# environment
XDG_SEAT = seat0
# environment
XDG_CURRENT_DESKTOP = X-Cinnamon
# environment
LS_COLORS = 
# automatic
+F = $(notdir $+)
# environment
XDG_SEAT_PATH = /org/freedesktop/DisplayManager/Seat0
# environment
DESKTOP_SESSION = cinnamon
# environment
ORIGINAL_XDG_CURRENT_DESKTOP = X-Cinnamon
# 'override' directive
GNUMAKEFLAGS := 
# environment
LOGNAME = inv
# makefile (from 'Makefile', line 26)
CPPFLAGS := -I./src -Iext/volk -Iext/spirv_reflect/ -MMD -MP
# environment
GIO_LAUNCHED_DESKTOP_FILE = /usr/share/applications/code.desktop
# environment
XDG_VTNR = 7
# makefile
.DEFAULT_GOAL := build/engine
# environment
DISPLAY = :0
# environment
USER = inv
# environment
GTK_MODULES = gail:atk-bridge
# environment
DEFAULTS_PATH = /usr/share/gconf/cinnamon.default.path
# default
MAKE_VERSION := 4.3
# 'override' directive
.SHELLSTATUS := 0
# environment
LC_MEASUREMENT = el_GR.UTF-8
# environment
GIO_LAUNCHED_DESKTOP_FILE_PID = 3198
# environment
_ = /usr/share/code/code
# environment
LC_PAPER = el_GR.UTF-8
# environment
XDG_RUNTIME_DIR = /run/user/1000
# environment
GPG_AGENT_INFO = /run/user/1000/gnupg/S.gpg-agent:0:1
# makefile (from 'Makefile', line 2)
TARGET_EXEC := engine
# environment
GTK_OVERLAY_SCROLLING = 1
# environment
XDG_SESSION_CLASS = user
# environment
VSCODE_AMD_ENTRYPOINT = vs/workbench/api/node/extensionHostProcess
# makefile (from 'Makefile', line 4)
BUILD_DIR := ./build
# environment
HOME = /home/inv
# environment
ELECTRON_RUN_AS_NODE = 1
# environment
VSCODE_IPC_HOOK = /run/user/1000/vscode-57a8a1e7-1.70.2-main.sock
# environment
XDG_SESSION_ID = c2
# makefile (from 'Makefile', line 20)
INC_DIRS := ./src ext/volk ext/spirv_reflect/
# default
.RECIPEPREFIX := 
# automatic
<F = $(notdir $<)
# makefile (from 'Makefile', line 17)
DEPS := ./build/./src/dentity.c.d ./build/./src/dinput.c.d ./build/./src/dgfx.c.d ./build/./src/dmem.c.d ./build/./src/dthread.c.d ./build/./src/danim.c.d ./build/./src/dwin.c.d ./build/./src/dprofiler.c.d ./build/./src/dcore.c.d ./build/./src/dcamera.c.d ./build/./src/dmaterial.c.d ./build/./src/main.c.d ./build/./src/dconfig.c.d ./build/./src/dlog.c.d ./build/./src/dmodel.c.d ./build/ext/volk/volk.c.d ./build/ext/spirv_reflect/spirv_reflect.c.d ./build/ext/imgui/imgui.cpp.d ./build/ext/imgui/imgui_demo.cpp.d ./build/ext/imgui/imgui_draw.cpp.d ./build/ext/imgui/imgui_widgets.cpp.d ./build/ext/imgui/imgui_tables.cpp.d ./build/ext/imgui/backends/imgui_impl_vulkan.cpp.d ./build/ext/imgui/backends/imgui_impl_glfw.cpp.d
# default
SUFFIXES := 
# environment
XDG_GREETER_DATA_DIR = /var/lib/lightdm-data/inv
# default
.FEATURES := target-specific order-only second-expansion else-if shortest-stem undefine oneshell nocomment grouped-target extra-prereqs archives jobserver output-sync check-symlink load
# environment
GDMSESSION = cinnamon
# environment
LC_IDENTIFICATION = el_GR.UTF-8
# variable set hash-table stats:
# Load=113/1024=11%, Rehash=0, Collisions=11/211=5%

# Pattern-specific Variable Values

# No pattern-specific variable values.

# Directories

# . (device 2067, inode 1188883): 12 files, no impossibilities.

# 12 files, no impossibilities in 1 directories.

# Implicit Rules

build/%.c.o: %.c
#  recipe to execute (from 'Makefile', line 33):
	mkdir -p $(dir $@)
	$(CC) -g $(CPPFLAGS) $(CFLAGS) -w -I./ext -c $<  -o $@

build/%.cpp.o: %.cpp
#  recipe to execute (from 'Makefile', line 38):
	mkdir -p $(dir $@)
	$(CXX) $(CPPFLAGS) $(CXXFLAGS) -w -I./ext -I./ext/imgui -c $< -o $@

# 2 implicit rules, 0 (0.0%) terminal.
# Files

ext/glfw/include/GLFW/glfw3.h:
#  Implicit rule search has not been done.
#  Modification time never checked.
#  File has not been updated.

build/./src/dcamera.c.o: src/dcamera.c src/dcamera.h src/tools.h src/dinput.h
#  Implicit rule search has not been done.
#  Modification time never checked.
#  File has not been updated.

# Not a target:
src/dmaterial.c:
#  Implicit rule search has not been done.
#  Modification time never checked.
#  File has not been updated.

ext/imgui/imstb_rectpack.h:
#  Implicit rule search has not been done.
#  Modification time never checked.
#  File has not been updated.

build/./src/dwin.c.o: src/dwin.c src/dwin.h src/tools.h ext/volk/volk.h ext/vulkan/vulkan.h ext/vulkan/vk_platform.h ext/vulkan/vulkan_core.h src/../ext/glfw/include/GLFW/glfw3.h src/dlog.h src/dthread.h
#  Implicit rule search has not been done.
#  Modification time never checked.
#  File has not been updated.

src/tools.h:
#  Implicit rule search has not been done.
#  Modification time never checked.
#  File has not been updated.

build/ext/imgui/imgui_tables.cpp.o: ext/imgui/imgui_tables.cpp ext/imgui/imgui.h ext/imgui/imconfig.h ext/imgui/imgui_internal.h ext/imgui/imstb_textedit.h
#  Implicit rule search has not been done.
#  Modification time never checked.
#  File has not been updated.

src/dgfx.h:
#  Implicit rule search has not been done.
#  Modification time never checked.
#  File has not been updated.

ext/vulkan/spirv.h:
#  Implicit rule search has not been done.
#  Modification time never checked.
#  File has not been updated.

src/dinput.h:
#  Implicit rule search has not been done.
#  Modification time never checked.
#  File has not been updated.

# Not a target:
build/./src/main.c.d:
#  Implicit rule search has been done.
 
#  Last modified 2022-08-27 12:02:27.908285402
#  File has been updated.
#  Successfully updated.

# Not a target:
build/ext/volk/volk.c.d:
#  Implicit rule search has been done.
#  Last modified 2022-08-27 11:55:45.824731377
#  File has been updated.
#  Successfully updated.

# Not a target:
build/./src/dlog.c.d:
#  Implicit rule search has been done.
#  Last modified 2022-08-27 11:01:20.030307029
#  File has been updated.
#  Successfully updated.

ext/stb/stb_ds.h:
#  Implicit rule search has not been done.
#  Modification time never checked.
#  File has not been updated.

# Not a target:
build/./src/danim.c.d:
#  Implicit rule search has been done.
#  Last modified 2022-08-27 11:01:18.746299782
#  File has been updated.
#  Successfully updated.

build/./src/dcore.c.o: src/dcore.c src/dcore.h src/tools.h src/dmem.h src/dconfig.h src/dtime.h src/dthread.h src/dinput.h src/dwin.h ext/volk/volk.h ext/vulkan/vulkan.h ext/vulkan/vk_platform.h ext/vulkan/vulkan_core.h src/../ext/glfw/include/GLFW/glfw3.h src/dgfx.h ext/spirv_reflect/spirv_reflect.h ext/vulkan/spirv.h src/dprofiler.h src/dlog.h ext/stb/stb_ds.h src/dentity.h src/dmaterial.h src/dcamera.h
#  Implicit rule search has not been done.
#  Modification time never checked.
#  File has not been updated.

# Not a target:
src/dthread.c:
#  Implicit rule search has not been done.
#  Modification time never checked.
#  File has not been updated.

# Not a target:
Makefile:
#  Implicit rule search has been done.
#  Last modified 2022-08-27 12:06:47.890433718
#  File has been updated.
#  Successfully updated.

# Not a target:
src/dlog.c:
#  Implicit rule search has not been done.
#  Modification time never checked.
#  File has not been updated.

ext/imgui/backends/imgui_impl_glfw.h:
#  Implicit rule search has not been done.
#  Modification time never checked.
#  File has not been updated.

ext/imgui/imconfig.h:
#  Implicit rule search has not been done.
#  Modification time never checked.
#  File has not been updated.

# Not a target:
ext/imgui/imgui_demo.cpp:
#  Implicit rule search has not been done.
#  Modification time never checked.
#  File has not been updated.

# Not a target:
ext/spirv_reflect/spirv_reflect.c:
#  Implicit rule search has not been done.
#  Modification time never checked.
#  File has not been updated.

src/dconfig.h:
#  Implicit rule search has not been done.
#  Modification time never checked.
#  File has not been updated.

# Not a target:
build/./src/dmodel.c.d:
#  Implicit rule search has been done.
#  Last modified 2022-08-27 12:02:28.49629036
#  File has been updated.
#  Successfully updated.

# Not a target:
build/ext/imgui/backends/imgui_impl_glfw.cpp.d:
#  Implicit rule search has been done.
#  Last modified 2022-08-27 12:05:47.361940436
#  File has been updated.
#  Successfully updated.

# Not a target:
ext/volk/volk.c:
#  Implicit rule search has not been done.
#  Modification time never checked.
#  File has not been updated.

# Not a target:
build/./src/dmem.c.d:
#  Implicit rule search has been done.
#  Last modified 2022-08-27 11:01:18.562298743
#  File has been updated.
#  Successfully updated.

build/./src/dentity.c.o: src/dentity.c src/dentity.h src/tools.h src/dmem.h src/dthread.h ext/stb/stb_ds.h
#  Implicit rule search has not been done.
#  Modification time never checked.
#  File has not been updated.

clean:
#  Phony target (prerequisite of .PHONY).
#  Implicit rule search has not been done.
#  File does not exist.
#  File has not been updated.
#  recipe to execute (from 'Makefile', line 44):
	rm -r $(BUILD_DIR)

src/shaders.inl:
#  Implicit rule search has not been done.
#  Modification time never checked.
#  File has not been updated.

# Not a target:
build/./src/dprofiler.c.d:
#  Implicit rule search has been done.
#  Last modified 2022-08-27 11:01:19.018301316
#  File has been updated.
#  Successfully updated.

ext/vulkan/vulkan.h:
#  Implicit rule search has not been done.
#  Modification time never checked.
#  File has not been updated.

ext/cgltf/cgltf.h:
#  Implicit rule search has not been done.
#  Modification time never checked.
#  File has not been updated.

src/dcamera.h:
#  Implicit rule search has not been done.
#  Modification time never checked.
#  File has not been updated.

src/dentity.h:
#  Implicit rule search has not been done.
#  Modification time never checked.
#  File has not been updated.

# Not a target:
ext/imgui/imgui_draw.cpp:
#  Implicit rule search has not been done.
#  Modification time never checked.
#  File has not been updated.

# Not a target:
src/danim.c:
#  Implicit rule search has not been done.
#  Modification time never checked.
#  File has not been updated.

# Not a target:
src/dcamera.c:
#  Implicit rule search has not been done.
#  Modification time never checked.
#  File has not been updated.

build/ext/imgui/imgui_demo.cpp.o: ext/imgui/imgui_demo.cpp ext/imgui/imgui.h ext/imgui/imconfig.h
#  Implicit rule search has not been done.
#  Modification time never checked.
#  File has not been updated.

build/ext/imgui/imgui.cpp.o: ext/imgui/imgui.cpp ext/imgui/imgui.h ext/imgui/imconfig.h ext/imgui/imgui_internal.h ext/imgui/imstb_textedit.h
#  Implicit rule search has not been done.
#  Modification time never checked.
#  File has not been updated.

src/../ext/glfw/include/GLFW/glfw3.h:
#  Implicit rule search has not been done.
#  Modification time never checked.
#  File has not been updated.

# Not a target:
src/dcore.c:
#  Implicit rule search has not been done.
#  Modification time never checked.
#  File has not been updated.

build/./src/main.c.o: src/main.c src/dcore.h src/tools.h src/dmem.h src/dconfig.h src/dtime.h src/dthread.h src/dinput.h src/dwin.h ext/volk/volk.h ext/vulkan/vulkan.h ext/vulkan/vk_platform.h ext/vulkan/vulkan_core.h src/../ext/glfw/include/GLFW/glfw3.h src/dgfx.h ext/spirv_reflect/spirv_reflect.h ext/vulkan/spirv.h src/dprofiler.h src/dlog.h ext/stb/stb_ds.h src/dentity.h src/dmaterial.h src/dcamera.h
#  Implicit rule search has not been done.
#  Modification time never checked.
#  File has not been updated.

# Not a target:
src/main.c:
#  Implicit rule search has not been done.
#  Modification time never checked.
#  File has not been updated.

ext/vulkan/vulkan_core.h:
#  Implicit rule search has not been done.
#  Modification time never checked.
#  File has not been updated.

src/dlog.h:
#  Implicit rule search has not been done.
#  Modification time never checked.
#  File has not been updated.

build/./src/danim.c.o: src/danim.c src/danim.h src/tools.h ext/cgltf/cgltf.h src/dtime.h ext/stb/stb_ds.h src/dentity.h src/dmem.h src/dthread.h
#  Implicit rule search has not been done.
#  Modification time never checked.
#  File has not been updated.

src/dmaterial.h:
#  Implicit rule search has not been done.
#  Modification time never checked.
#  File has not been updated.

build/ext/imgui/imgui_widgets.cpp.o: ext/imgui/imgui_widgets.cpp ext/imgui/imgui.h ext/imgui/imconfig.h ext/imgui/imgui_internal.h ext/imgui/imstb_textedit.h
#  Implicit rule search has not been done.
#  Modification time never checked.
#  File has not been updated.

# Not a target:
src/dmem.c:
#  Implicit rule search has not been done.
#  Modification time never checked.
#  File has not been updated.

# Not a target:
build/./src/dinput.c.d:
#  Implicit rule search has been done.
#  Last modified 2022-08-27 12:02:23.712250006
#  File has been updated.
#  Successfully updated.

ext/vulkan/shaderc.h:
#  Implicit rule search has not been done.
#  Modification time never checked.
#  File has not been updated.

build/./src/dprofiler.c.o: src/dprofiler.c src/dprofiler.h src/tools.h src/dtime.h ext/stb/stb_ds.h
#  Implicit rule search has not been done.
#  Modification time never checked.
#  File has not been updated.

ext/vulkan/env.h:
#  Implicit rule search has not been done.
#  Modification time never checked.
#  File has not been updated.

# Not a target:
build/ext/imgui/imgui_draw.cpp.d:
#  Implicit rule search has been done.
#  Last modified 2022-08-27 11:57:25.453648966
#  File has been updated.
#  Successfully updated.

# Not a target:
build/./src/dwin.c.d:
#  Implicit rule search has been done.
#  Last modified 2022-08-27 12:02:25.944268838
#  File has been updated.
#  Successfully updated.

# Not a target:
build/./src/dmaterial.c.d:
#  Implicit rule search has been done.
#  Last modified 2022-08-27 12:02:27.696283614
#  File has been updated.
#  Successfully updated.

# Not a target:
build/./src/dgfx.c.d:
#  Implicit rule search has been done.
#  Last modified 2022-08-27 12:02:25.484264958
#  File has been updated.
#  Successfully updated.

build/engine: build/./src/dentity.c.o build/./src/dinput.c.o build/./src/dgfx.c.o build/./src/dmem.c.o build/./src/dthread.c.o build/./src/danim.c.o build/./src/dwin.c.o build/./src/dprofiler.c.o build/./src/dcore.c.o build/./src/dcamera.c.o build/./src/dmaterial.c.o build/./src/main.c.o build/./src/dconfig.c.o build/./src/dlog.c.o build/./src/dmodel.c.o build/ext/volk/volk.c.o build/ext/spirv_reflect/spirv_reflect.c.o build/ext/imgui/imgui.cpp.o build/ext/imgui/imgui_demo.cpp.o build/ext/imgui/imgui_draw.cpp.o build/ext/imgui/imgui_widgets.cpp.o build/ext/imgui/imgui_tables.cpp.o build/ext/imgui/backends/imgui_impl_vulkan.cpp.o build/ext/imgui/backends/imgui_impl_glfw.cpp.o
#  Implicit rule search has not been done.
#  Modification time never checked.
#  File has not been updated.
#  recipe to execute (from 'Makefile', line 30):
	$(CC) $(OBJS)  -fstack-protector  -w -I./ext/ -L./ext/vulkan/lib/x64  -L./ext/glfw/build/src  -lglfw3 -L/usr/X11R6/lib  -lX11 -Wl,-Bstatic -lshaderc_combined  -Wl,-Bdynamic  -lstdc++ -lm -ldl -lpthread -o $@ $(LDFLAGS)

# Not a target:
build/./src/dcamera.c.d:
#  Implicit rule search has been done.
#  Last modified 2022-08-27 11:01:19.514304117
#  File has been updated.
#  Successfully updated.

ext/vulkan/status.h:
#  Implicit rule search has not been done.
#  Modification time never checked.
#  File has not been updated.

# Not a target:
.DEFAULT:
#  Implicit rule search has not been done.
#  Modification time never checked.
#  File has not been updated.

ext/vulkan/visibility.h:
#  Implicit rule search has not been done.
#  Modification time never checked.
#  File has not been updated.

# Not a target:
ext/imgui/backends/imgui_impl_glfw.cpp:
#  Implicit rule search has not been done.
#  Modification time never checked.
#  File has not been updated.

# Not a target:
all:
#  Command line target.
#  Implicit rule search has been done.
#  File does not exist.
#  File has not been updated.

build/ext/imgui/backends/imgui_impl_vulkan.cpp.o: ext/imgui/backends/imgui_impl_vulkan.cpp ext/imgui/backends/imgui_impl_vulkan.h ext/imgui/imgui.h ext/imgui/imconfig.h ext/vulkan/vulkan.h ext/vulkan/vk_platform.h ext/vulkan/vulkan_core.h
#  Implicit rule search has not been done.
#  Modification time never checked.
#  File has not been updated.

src/dcore.h:
#  Implicit rule search has not been done.
#  Modification time never checked.
#  File has not been updated.

src/dthread.h:
#  Implicit rule search has not been done.
#  Modification time never checked.
#  File has not been updated.

# Not a target:
build/./src/dconfig.c.d:
#  Implicit rule search has been done.
#  Last modified 2022-08-27 11:01:19.966306668
#  File has been updated.
#  Successfully updated.

build/./src/dgfx.c.o: src/dgfx.c src/dgfx.h src/tools.h src/dwin.h ext/volk/volk.h ext/vulkan/vulkan.h ext/vulkan/vk_platform.h ext/vulkan/vulkan_core.h src/../ext/glfw/include/GLFW/glfw3.h ext/spirv_reflect/spirv_reflect.h ext/vulkan/spirv.h ext/stb/stb_image.h src/dtime.h ext/vulkan/shaderc.h ext/vulkan/env.h ext/vulkan/status.h ext/vulkan/visibility.h src/shaders.inl src/dlog.h src/dthread.h src/dcamera.h src/dinput.h src/dmem.h src/dmodel.h src/dmaterial.h ext/stb/stb_ds.h src/danim.h ext/cgltf/cgltf.h src/dentity.h src/dconfig.h
#  Implicit rule search has not been done.
#  Modification time never checked.
#  File has not been updated.

# Not a target:
ext/imgui/imgui_widgets.cpp:
#  Implicit rule search has not been done.
#  Modification time never checked.
#  File has not been updated.

build/./src/dinput.c.o: src/dinput.c src/dinput.h src/tools.h src/dwin.h ext/volk/volk.h ext/vulkan/vulkan.h ext/vulkan/vk_platform.h ext/vulkan/vulkan_core.h src/../ext/glfw/include/GLFW/glfw3.h
#  Implicit rule search has not been done.
#  Modification time never checked.
#  File has not been updated.

# Not a target:
ext/imgui/imgui.cpp:
#  Implicit rule search has not been done.
#  Modification time never checked.
#  File has not been updated.

# Not a target:
 
src/dgfx.c:
#  Implicit rule search has not been done.
#  Modification time never checked.
#  File has not been updated.

build/./src/dconfig.c.o: src/dconfig.c src/dconfig.h src/tools.h src/dlog.h src/dthread.h
#  Implicit rule search has not been done.
#  Modification time never checked.
#  File has not been updated.

src/dtime.h:
#  Implicit rule search has not been done.
#  Modification time never checked.
#  File has not been updated.

# Not a target:
build/ext/imgui/imgui_tables.cpp.d:
#  Implicit rule search has been done.
#  Last modified 2022-08-27 11:59:33.686790226
#  File has been updated.
#  Successfully updated.

# Not a target:
build/ext/imgui/imgui_widgets.cpp.d:
#  Implicit rule search has been done.
#  Last modified 2022-08-27 11:57:27.501667522
#  File has been updated.
#  Successfully updated.

src/dwin.h:
#  Implicit rule search has not been done.
#  Modification time never checked.
#  File has not been updated.

ext/imgui/imgui.h:
#  Implicit rule search has not been done.
#  Modification time never checked.
#  File has not been updated.

ext/imgui/imstb_textedit.h:
#  Implicit rule search has not been done.
#  Modification time never checked.
#  File has not been updated.

# Not a target:
build/ext/imgui/imgui_demo.cpp.d:
#  Implicit rule search has been done.
#  Last modified 2022-08-27 11:57:23.805634027
#  File has been updated.
#  Successfully updated.

build/./src/dmaterial.c.o: src/dmaterial.c src/dmaterial.h src/tools.h src/dgfx.h src/dwin.h ext/volk/volk.h ext/vulkan/vulkan.h ext/vulkan/vk_platform.h ext/vulkan/vulkan_core.h src/../ext/glfw/include/GLFW/glfw3.h ext/spirv_reflect/spirv_reflect.h ext/vulkan/spirv.h ext/stb/stb_ds.h
#  Implicit rule search has not been done.
#  Modification time never checked.
#  File has not been updated.

# Not a target:
build/./src/dentity.c.d:
#  Implicit rule search has been done.
#  Last modified 2022-08-27 11:01:02.710208875
#  File has been updated.
#  Successfully updated.

# Not a target:
build/ext/imgui/imgui.cpp.d:
#  Implicit rule search has been done.
#  Last modified 2022-08-27 11:56:02.508887194
#  File has been updated.
#  Successfully updated.

# Not a target:
ext/imgui/imgui_tables.cpp:
#  Implicit rule search has not been done.
#  Modification time never checked.
#  File has not been updated.

# Not a target:
src/dinput.c:
#  Implicit rule search has not been done.
#  Modification time never checked.
#  File has not been updated.

# Not a target:
build/ext/imgui/backends/imgui_impl_vulkan.cpp.d:
#  Implicit rule search has been done.
#  Last modified 2022-08-27 12:00:21.875209442
#  File has been updated.
#  Successfully updated.

# Not a target:
src/dmodel.c:
#  Implicit rule search has not been done.
#  Modification time never checked.
#  File has not been updated.

build/./src/dmodel.c.o: src/dmodel.c src/dmodel.h src/dgfx.h src/tools.h src/dwin.h ext/volk/volk.h ext/vulkan/vulkan.h ext/vulkan/vk_platform.h ext/vulkan/vulkan_core.h src/../ext/glfw/include/GLFW/glfw3.h ext/spirv_reflect/spirv_reflect.h ext/vulkan/spirv.h src/dmaterial.h ext/stb/stb_ds.h src/danim.h ext/cgltf/cgltf.h src/dtime.h src/dentity.h src/dmem.h src/dthread.h src/dlog.h
#  Implicit rule search has not been done.
#  Modification time never checked.
#  File has not been updated.

build/./src/dlog.c.o: src/dlog.c src/dlog.h src/tools.h src/dthread.h
#  Implicit rule search has not been done.
#  Modification time never checked.
#  File has not been updated.

ext/volk/volk.h:
#  Implicit rule search has not been done.
#  Modification time never checked.
#  File has not been updated.

build/ext/volk/volk.c.o: ext/volk/volk.c ext/volk/volk.h ext/vulkan/vulkan.h ext/vulkan/vk_platform.h ext/vulkan/vulkan_core.h
#  Implicit rule search has not been done.
#  Modification time never checked.
#  File has not been updated.

# Not a target:
ext/imgui/backends/imgui_impl_vulkan.cpp:
#  Implicit rule search has not been done.
#  Modification time never checked.
#  File has not been updated.

ext/imgui/backends/imgui_impl_vulkan.h:
#  Implicit rule search has not been done.
#  Modification time never checked.
#  File has not been updated.

build/ext/imgui/backends/imgui_impl_glfw.cpp.o: ext/imgui/backends/imgui_impl_glfw.cpp ext/imgui/imgui.h ext/imgui/imconfig.h ext/imgui/backends/imgui_impl_glfw.h ext/glfw/include/GLFW/glfw3.h
#  Implicit rule search has not been done.
#  Modification time never checked.
#  File has not been updated.

# Not a target:
src/dprofiler.c:
#  Implicit rule search has not been done.
#  Modification time never checked.
#  File has not been updated.

src/dprofiler.h:
#  Implicit rule search has not been done.
#  Modification time never checked.
#  File has not been updated.

ext/imgui/imstb_truetype.h:
#  Implicit rule search has not been done.
#  Modification time never checked.
#  File has not been updated.

build/./src/dmem.c.o: src/dmem.c src/dmem.h src/tools.h
#  Implicit rule search has not been done.
#  Modification time never checked.
#  File has not been updated.

ext/imgui/imgui_internal.h:
#  Implicit rule search has not been done.
#  Modification time never checked.
#  File has not been updated.

# Not a target:
src/dconfig.c:
#  Implicit rule search has not been done.
#  Modification time never checked.
#  File has not been updated.

# Not a target:
build/ext/spirv_reflect/spirv_reflect.c.d:
#  Implicit rule search has been done.
#  Last modified 2022-08-27 11:56:38.705222169
#  File has been updated.
#  Successfully updated.

ext/vulkan/vk_platform.h:
#  Implicit rule search has not been done.
#  Modification time never checked.
#  File has not been updated.

.PHONY: clean
#  Implicit rule search has not been done.
#  Modification time never checked.
#  File has not been updated.

build/ext/spirv_reflect/spirv_reflect.c.o: ext/spirv_reflect/spirv_reflect.c ext/spirv_reflect/spirv_reflect.h ext/vulkan/spirv.h
#  Implicit rule search has not been done.
#  Modification time never checked.
#  File has not been updated.

# Not a target:
src/dwin.c:
#  Implicit rule search has not been done.
#  Modification time never checked.
#  File has not been updated.

build/ext/imgui/imgui_draw.cpp.o: ext/imgui/imgui_draw.cpp ext/imgui/imgui.h ext/imgui/imconfig.h ext/imgui/imgui_internal.h ext/imgui/imstb_textedit.h ext/imgui/imstb_rectpack.h ext/imgui/imstb_truetype.h
#  Implicit rule search has not been done.
#  Modification time never checked.
#  File has not been updated.

# Not a target:
build/./src/dthread.c.d:
#  Implicit rule search has been done.
#  Last modified 2022-08-27 11:01:18.638299172
#  File has been updated.
#  Successfully updated.

# Not a target:
build/./src/dcore.c.d:
#  Implicit rule search has been done.
#  Last modified 2022-08-27 12:06:28.198273625
#  File has been updated.
#  Successfully updated.

src/dmem.h:
#  Implicit rule search has not been done.
#  Modification time never checked.
#  File has not been updated.

src/danim.h:
#  Implicit rule search has not been done.
#  Modification time never checked.
#  File has not been updated.

build/./src/dthread.c.o: src/dthread.c src/dthread.h src/tools.h
#  Implicit rule search has not been done.
#  Modification time never checked.
#  File has not been updated.

ext/stb/stb_image.h:
#  Implicit rule search has not been done.
#  Modification time never checked.
#  File has not been updated.

src/dmodel.h:
#  Implicit rule search has not been done.
#  Modification time never checked.
#  File has not been updated.

ext/spirv_reflect/spirv_reflect.h:
#  Implicit rule search has not been done.
#  Modification time never checked.
#  File has not been updated.

# Not a target:
src/dentity.c:
#  Implicit rule search has not been done.
#  Modification time never checked.
#  File has not been updated.

# files hash-table stats:
# Load=119/1024=12%, Rehash=0, Collisions=16/605=3%
# VPATH Search Paths

# No 'vpath' search paths.

# No general ('VPATH' variable) search path.

# strcache buffers: 1 (0) / strings = 136 / storage = 2781 B / avg = 20 B
# current buf: size = 8162 B / used = 2781 B / count = 136 / avg = 20 B

# strcache performance: lookups = 743 / hit rate = 81%
# hash-table stats:
# Load=136/8192=2%, Rehash=0, Collisions=0/743=0%
# Finished Make data base on Sat Aug 27 12:06:54 2022

 
